
8월 31, 2022 10:22:19.67 NEW SESSION
8월 31, 2022 10:22:19.67 [6344:7840:0831/102219.671:ERROR:device_event_log_impl.cc(214)] [10:22:19.670] USB: usb_device_handle_win.cc:1048 Failed to read descriptor from node connection: 시스템에 부착된 장치가 작동하지 않습니다. (0x1F)
8월 31, 2022 10:23:16.51 [6344:8096:0831/102316.515:ERROR:util.cc(127)] Can't create base directory: C:\Program Files\Google\GoogleUpdater
8월 31, 2022 10:48:11.83 [4580:1052:0831/104811.833:ERROR:device_event_log_impl.cc(214)] [10:48:11.834] USB: usb_device_handle_win.cc:1048 Failed to read descriptor from node connection: 시스템에 부착된 장치가 작동하지 않습니다. (0x1F)
8월 31, 2022 10:49:08.91 [4580:8132:0831/104908.911:ERROR:util.cc(127)] Can't create base directory: C:\Program Files\Google\GoogleUpdater
8월 31, 2022 15:13:05.52 [4580:1052:0831/151305.521:ERROR:device_event_log_impl.cc(214)] [15:13:05.522] USB: usb_service_win.cc:104 SetupDiGetDeviceProperty({{A45C254E-DF1C-4EFD-8020-67D146A850E0}, 6}) failed: 요소가 없습니다. (0x490)
8월 31, 2022 15:38:25.45 [4580:1052:0831/153825.458:ERROR:interface_endpoint_client.cc(665)] Message 5 rejected by interface blink.mojom.WidgetHost
8월 31, 2022 15:49:08.62 [4580:5176:0831/154908.626:ERROR:util.cc(127)] Can't create base directory: C:\Program Files\Google\GoogleUpdater

9월 01, 2022 10:24:53.58 NEW SESSION
9월 01, 2022 10:24:53.58 [6896:8556:0901/102453.577:ERROR:device_event_log_impl.cc(214)] [10:24:53.577] USB: usb_device_handle_win.cc:1048 Failed to read descriptor from node connection: 시스템에 부착된 장치가 작동하지 않습니다. (0x1F)
9월 01, 2022 10:25:50.80 [6896:1372:0901/102550.808:ERROR:util.cc(127)] Can't create base directory: C:\Program Files\Google\GoogleUpdater
9월 01, 2022 12:03:05.19 [10288:3516:0901/120302.325:ERROR:device_event_log_impl.cc(214)] [12:03:02.325] USB: usb_device_handle_win.cc:1048 Failed to read descriptor from node connection: 시스템에 부착된 장치가 작동하지 않습니다. (0x1F)
9월 01, 2022 12:03:59.44 [10288:9264:0901/120359.439:ERROR:util.cc(127)] Can't create base directory: C:\Program Files\Google\GoogleUpdater

9월 02, 2022 10:24:47.57 NEW SESSION
9월 02, 2022 10:24:47.57 [5640:10192:0902/102447.571:ERROR:device_event_log_impl.cc(214)] [10:24:47.572] USB: usb_device_handle_win.cc:1048 Failed to read descriptor from node connection: 시스템에 부착된 장치가 작동하지 않습니다. (0x1F)
9월 02, 2022 10:25:42.33 [5640:5596:0902/102542.334:ERROR:util.cc(127)] Can't create base directory: C:\Program Files\Google\GoogleUpdater
9월 02, 2022 12:32:04.72 [5244:7676:0902/123204.725:ERROR:device_event_log_impl.cc(214)] [12:32:04.725] USB: usb_device_handle_win.cc:1048 Failed to read descriptor from node connection: 시스템에 부착된 장치가 작동하지 않습니다. (0x1F)
9월 02, 2022 12:33:02.28 [5244:3028:0902/123302.282:ERROR:util.cc(127)] Can't create base directory: C:\Program Files\Google\GoogleUpdater
9월 02, 2022 12:46:53.54 [1448:4908:0902/124653.544:ERROR:device_event_log_impl.cc(214)] [12:46:53.545] USB: usb_device_handle_win.cc:1048 Failed to read descriptor from node connection: 시스템에 부착된 장치가 작동하지 않습니다. (0x1F)
9월 02, 2022 12:47:51.12 [1448:5236:0902/124751.124:ERROR:util.cc(127)] Can't create base directory: C:\Program Files\Google\GoogleUpdater
9월 02, 2022 13:48:52.41 [10596:6832:0902/134852.419:ERROR:device_event_log_impl.cc(214)] [13:48:52.409] USB: usb_device_handle_win.cc:1048 Failed to read descriptor from node connection: 시스템에 부착된 장치가 작동하지 않습니다. (0x1F)

9월 05, 2022 10:28:20.30 NEW SESSION
9월 05, 2022 10:28:20.30 [5252:8960:0905/102820.305:ERROR:device_event_log_impl.cc(214)] [10:28:20.305] USB: usb_device_handle_win.cc:1048 Failed to read descriptor from node connection: 시스템에 부착된 장치가 작동하지 않습니다. (0x1F)
9월 05, 2022 10:29:17.30 [5252:8892:0905/102917.303:ERROR:util.cc(127)] Can't create base directory: C:\Program Files\Google\GoogleUpdater
9월 05, 2022 15:29:17.31 [5252:5364:0905/152917.318:ERROR:util.cc(127)] Can't create base directory: C:\Program Files\Google\GoogleUpdater

9월 06, 2022 10:47:04.25 NEW SESSION
9월 06, 2022 10:47:04.25 [3988:9672:0906/104704.254:ERROR:device_event_log_impl.cc(214)] [10:47:04.254] USB: usb_device_handle_win.cc:1048 Failed to read descriptor from node connection: 시스템에 부착된 장치가 작동하지 않습니다. (0x1F)
9월 06, 2022 10:47:59.95 [3988:6044:0906/104759.957:ERROR:util.cc(127)] Can't create base directory: C:\Program Files\Google\GoogleUpdater
9월 06, 2022 15:47:59.77 [3988:3664:0906/154759.772:ERROR:util.cc(127)] Can't create base directory: C:\Program Files\Google\GoogleUpdater

9월 07, 2022 10:36:08.84 NEW SESSION
9월 07, 2022 10:36:08.84 기존 브라우저 세션에서 여는 중입니다.
9월 07, 2022 10:36:11.75 [900:11832:0907/103611.757:ERROR:device_event_log_impl.cc(214)] [10:36:11.756] USB: usb_device_handle_win.cc:1048 Failed to read descriptor from node connection: 시스템에 부착된 장치가 작동하지 않습니다. (0x1F)
9월 07, 2022 10:37:08.09 [900:10988:0907/103708.094:ERROR:util.cc(129)] Can't create base directory: C:\Program Files\Google\GoogleUpdater

9월 08, 2022 13:51:29.47 NEW SESSION
9월 08, 2022 13:51:29.47 [1604:10076:0908/135129.474:ERROR:device_event_log_impl.cc(214)] [13:51:29.473] USB: usb_device_handle_win.cc:1048 Failed to read descriptor from node connection: 시스템에 부착된 장치가 작동하지 않습니다. (0x1F)
9월 08, 2022 13:52:25.92 [1604:10760:0908/135225.924:ERROR:util.cc(129)] Can't create base directory: C:\Program Files\Google\GoogleUpdater
9월 08, 2022 13:53:07.49 [6844:2548:0908/135307.490:ERROR:device_event_log_impl.cc(214)] [13:53:07.490] USB: usb_device_handle_win.cc:1048 Failed to read descriptor from node connection: 시스템에 부착된 장치가 작동하지 않습니다. (0x1F)
9월 08, 2022 13:54:04.99 [6844:3336:0908/135404.995:ERROR:util.cc(129)] Can't create base directory: C:\Program Files\Google\GoogleUpdater
9월 08, 2022 13:54:38.99 [5852:7180:0908/135438.997:ERROR:device_event_log_impl.cc(214)] [13:54:38.996] USB: usb_device_handle_win.cc:1048 Failed to read descriptor from node connection: 시스템에 부착된 장치가 작동하지 않습니다. (0x1F)
9월 08, 2022 13:55:36.58 [5852:10556:0908/135536.588:ERROR:util.cc(129)] Can't create base directory: C:\Program Files\Google\GoogleUpdater

9월 13, 2022 10:28:23.49 NEW SESSION
9월 13, 2022 10:28:23.49 [5764:8856:0913/102823.491:ERROR:device_event_log_impl.cc(214)] [10:28:23.491] USB: usb_device_handle_win.cc:1048 Failed to read descriptor from node connection: 시스템에 부착된 장치가 작동하지 않습니다. (0x1F)
9월 13, 2022 10:29:17.37 [5764:8568:0913/102917.369:ERROR:util.cc(129)] Can't create base directory: C:\Program Files\Google\GoogleUpdater
9월 13, 2022 13:51:58.13 [5764:8856:0913/135158.132:ERROR:interface_endpoint_client.cc(689)] Message 5 rejected by interface blink.mojom.WidgetHost
9월 13, 2022 15:29:17.37 [5764:10088:0913/152917.377:ERROR:util.cc(129)] Can't create base directory: C:\Program Files\Google\GoogleUpdater

9월 14, 2022 10:07:23.93 NEW SESSION
9월 14, 2022 10:07:23.94 [3604:9876:0914/100723.937:ERROR:device_event_log_impl.cc(214)] [10:07:23.938] USB: usb_device_handle_win.cc:1048 Failed to read descriptor from node connection: 시스템에 부착된 장치가 작동하지 않습니다. (0x1F)
9월 14, 2022 10:08:19.46 [3604:11144:0914/100819.461:ERROR:util.cc(129)] Can't create base directory: C:\Program Files\Google\GoogleUpdater
9월 14, 2022 15:08:18.56 [3604:2768:0914/150818.562:ERROR:util.cc(129)] Can't create base directory: C:\Program Files\Google\GoogleUpdater
9월 14, 2022 17:54:05.75 [3604:9876:0914/175405.753:ERROR:CONSOLE(1)] "Uncaught (in promise) Error: No replacment provided for placeholder 'PLACEHOLDER_message'.", source: devtools://devtools/bundled/devtools-frontend/front_end/models/issues_manager/issues_manager.js (1)
9월 14, 2022 17:55:03.57 [3604:9876:0914/175503.573:ERROR:CONSOLE(1)] "Uncaught (in promise) Error: No replacment provided for placeholder 'PLACEHOLDER_message'.", source: devtools://devtools/bundled/devtools-frontend/front_end/models/issues_manager/issues_manager.js (1)
9월 14, 2022 17:55:04.77 [3604:9876:0914/175504.774:ERROR:CONSOLE(1)] "Uncaught (in promise) Error: No replacment provided for placeholder 'PLACEHOLDER_message'.", source: devtools://devtools/bundled/devtools-frontend/front_end/models/issues_manager/issues_manager.js (1)
9월 14, 2022 17:55:07.48 [3604:9876:0914/175507.486:ERROR:CONSOLE(1)] "Uncaught (in promise) Error: No replacment provided for placeholder 'PLACEHOLDER_message'.", source: devtools://devtools/bundled/devtools-frontend/front_end/models/issues_manager/issues_manager.js (1)
9월 14, 2022 17:55:08.53 [3604:9876:0914/175508.532:ERROR:CONSOLE(1)] "Uncaught (in promise) Error: No replacment provided for placeholder 'PLACEHOLDER_message'.", source: devtools://devtools/bundled/devtools-frontend/front_end/models/issues_manager/issues_manager.js (1)
9월 14, 2022 17:55:16.74 [3604:9876:0914/175516.746:ERROR:CONSOLE(1)] "Uncaught (in promise) Error: No replacment provided for placeholder 'PLACEHOLDER_message'.", source: devtools://devtools/bundled/devtools-frontend/front_end/models/issues_manager/issues_manager.js (1)
9월 14, 2022 17:55:19.49 [3604:9876:0914/175519.494:ERROR:CONSOLE(1)] "Uncaught (in promise) Error: No replacment provided for placeholder 'PLACEHOLDER_message'.", source: devtools://devtools/bundled/devtools-frontend/front_end/models/issues_manager/issues_manager.js (1)
9월 14, 2022 17:55:29.55 [3604:9876:0914/175529.555:ERROR:CONSOLE(1)] "Uncaught (in promise) Error: No replacment provided for placeholder 'PLACEHOLDER_message'.", source: devtools://devtools/bundled/devtools-frontend/front_end/models/issues_manager/issues_manager.js (1)
9월 14, 2022 17:55:30.76 [3604:9876:0914/175530.762:ERROR:CONSOLE(1)] "Uncaught (in promise) Error: No replacment provided for placeholder 'PLACEHOLDER_message'.", source: devtools://devtools/bundled/devtools-frontend/front_end/models/issues_manager/issues_manager.js (1)
9월 14, 2022 17:55:39.99 [3604:9876:0914/175539.996:ERROR:CONSOLE(1)] "Uncaught (in promise) Error: No replacment provided for placeholder 'PLACEHOLDER_message'.", source: devtools://devtools/bundled/devtools-frontend/front_end/models/issues_manager/issues_manager.js (1)

9월 15, 2022 10:21:47.04 NEW SESSION
9월 15, 2022 10:21:47.04 [10696:11080:0915/102147.043:ERROR:device_event_log_impl.cc(214)] [10:21:47.043] USB: usb_device_handle_win.cc:1048 Failed to read descriptor from node connection: 시스템에 부착된 장치가 작동하지 않습니다. (0x1F)
9월 15, 2022 10:22:42.67 [10696:10720:0915/102242.673:ERROR:util.cc(129)] Can't create base directory: C:\Program Files\Google\GoogleUpdater
9월 15, 2022 15:22:42.35 [10696:6840:0915/152242.351:ERROR:util.cc(129)] Can't create base directory: C:\Program Files\Google\GoogleUpdater
9월 15, 2022 15:36:23.04 [10696:11080:0915/153623.046:ERROR:CONSOLE(1)] "Uncaught (in promise) Error: No replacment provided for placeholder 'PLACEHOLDER_message'.", source: devtools://devtools/bundled/devtools-frontend/front_end/models/issues_manager/issues_manager.js (1)
9월 15, 2022 15:37:00.00 [10696:11080:0915/153700.008:ERROR:CONSOLE(1)] "Uncaught (in promise) Error: No replacment provided for placeholder 'PLACEHOLDER_message'.", source: devtools://devtools/bundled/devtools-frontend/front_end/models/issues_manager/issues_manager.js (1)
9월 15, 2022 15:37:00.57 [10696:11080:0915/153700.571:ERROR:CONSOLE(1)] "Uncaught (in promise) Error: No replacment provided for placeholder 'PLACEHOLDER_message'.", source: devtools://devtools/bundled/devtools-frontend/front_end/models/issues_manager/issues_manager.js (1)
9월 15, 2022 15:37:01.94 [10696:11080:0915/153701.948:ERROR:CONSOLE(1)] "Uncaught (in promise) Error: No replacment provided for placeholder 'PLACEHOLDER_message'.", source: devtools://devtools/bundled/devtools-frontend/front_end/models/issues_manager/issues_manager.js (1)
9월 15, 2022 15:37:02.47 [10696:11080:0915/153702.475:ERROR:CONSOLE(1)] "Uncaught (in promise) Error: No replacment provided for placeholder 'PLACEHOLDER_message'.", source: devtools://devtools/bundled/devtools-frontend/front_end/models/issues_manager/issues_manager.js (1)
9월 15, 2022 15:37:07.31 [10696:11080:0915/153707.310:ERROR:CONSOLE(1)] "Uncaught (in promise) Error: No replacment provided for placeholder 'PLACEHOLDER_message'.", source: devtools://devtools/bundled/devtools-frontend/front_end/models/issues_manager/issues_manager.js (1)
9월 15, 2022 15:37:12.96 [10696:11080:0915/153712.965:ERROR:CONSOLE(1)] "Uncaught (in promise) Error: No replacment provided for placeholder 'PLACEHOLDER_message'.", source: devtools://devtools/bundled/devtools-frontend/front_end/models/issues_manager/issues_manager.js (1)
9월 15, 2022 15:37:13.03 [10696:11080:0915/153713.035:ERROR:CONSOLE(1)] "Uncaught (in promise) Error: No replacment provided for placeholder 'PLACEHOLDER_message'.", source: devtools://devtools/bundled/devtools-frontend/front_end/models/issues_manager/issues_manager.js (1)
9월 15, 2022 18:56:52.41 [10696:11080:0915/185652.412:ERROR:interface_endpoint_client.cc(689)] Message 3 rejected by interface blink.mojom.Widget
9월 15, 2022 20:22:42.41 [10696:9128:0915/202242.417:ERROR:util.cc(129)] Can't create base directory: C:\Program Files\Google\GoogleUpdater

9월 19, 2022 14:11:09.94 NEW SESSION
9월 19, 2022 14:11:09.94 [5788:12004:0919/141109.918:ERROR:device_event_log_impl.cc(214)] [14:11:09.918] USB: usb_device_handle_win.cc:1048 Failed to read descriptor from node connection: 시스템에 부착된 장치가 작동하지 않습니다. (0x1F)
9월 19, 2022 14:12:07.35 [5788:6920:0919/141207.349:ERROR:util.cc(129)] Can't create base directory: C:\Program Files\Google\GoogleUpdater
9월 19, 2022 16:27:20.03 [7112:4428:0919/162720.031:ERROR:device_event_log_impl.cc(214)] [16:27:20.030] USB: usb_device_handle_win.cc:1048 Failed to read descriptor from node connection: 시스템에 부착된 장치가 작동하지 않습니다. (0x1F)
9월 19, 2022 16:28:17.19 [7112:6748:0919/162817.195:ERROR:util.cc(129)] Can't create base directory: C:\Program Files\Google\GoogleUpdater

9월 20, 2022 10:28:50.81 NEW SESSION
9월 20, 2022 10:28:50.81 [10012:3296:0920/102850.808:ERROR:device_event_log_impl.cc(214)] [10:28:50.808] USB: usb_device_handle_win.cc:1048 Failed to read descriptor from node connection: 시스템에 부착된 장치가 작동하지 않습니다. (0x1F)
9월 20, 2022 10:29:47.81 [10012:6788:0920/102947.815:ERROR:util.cc(129)] Can't create base directory: C:\Program Files\Google\GoogleUpdater
9월 20, 2022 10:55:10.94 [10012:7904:0920/105510.949:ERROR:connection_factory_impl.cc(425)] Failed to connect to MCS endpoint with error -105
9월 20, 2022 10:55:14.09 [10012:7904:0920/105514.093:ERROR:connection_factory_impl.cc(425)] Failed to connect to MCS endpoint with error -105
9월 20, 2022 13:10:08.88 [6456:11164:0920/131008.887:ERROR:device_event_log_impl.cc(214)] [13:10:08.886] USB: usb_device_handle_win.cc:1048 Failed to read descriptor from node connection: 시스템에 부착된 장치가 작동하지 않습니다. (0x1F)
9월 20, 2022 13:11:06.19 [6456:10552:0920/131106.195:ERROR:util.cc(129)] Can't create base directory: C:\Program Files\Google\GoogleUpdater
9월 20, 2022 15:30:12.11 [libprotobuf ERROR ..\..\third_party\protobuf\src\google\protobuf\message_lite.cc:133] Can't parse message of type "safe_browsing.ClientDownloadRequest" because it is missing required fields: (cannot determine missing fields for lite message)
9월 20, 2022 18:11:06.20 [6456:10752:0920/181106.200:ERROR:util.cc(129)] Can't create base directory: C:\Program Files\Google\GoogleUpdater

9월 21, 2022 10:30:59.83 NEW SESSION
9월 21, 2022 10:30:59.83 [10136:2468:0921/103059.831:ERROR:device_event_log_impl.cc(214)] [10:30:59.832] USB: usb_device_handle_win.cc:1048 Failed to read descriptor from node connection: 시스템에 부착된 장치가 작동하지 않습니다. (0x1F)
9월 21, 2022 10:31:56.87 [10136:9636:0921/103156.879:ERROR:util.cc(129)] Can't create base directory: C:\Program Files\Google\GoogleUpdater
9월 21, 2022 10:38:36.14 [10136:2468:0921/103836.143:ERROR:device_event_log_impl.cc(214)] [10:38:36.143] USB: usb_service_win.cc:104 SetupDiGetDeviceProperty({{A45C254E-DF1C-4EFD-8020-67D146A850E0}, 6}) failed: 요소가 없습니다. (0x490)
9월 21, 2022 13:23:53.04 [7260:6740:0921/132353.045:ERROR:device_event_log_impl.cc(214)] [13:23:53.046] USB: usb_device_handle_win.cc:1048 Failed to read descriptor from node connection: 시스템에 부착된 장치가 작동하지 않습니다. (0x1F)
9월 21, 2022 13:24:50.47 [7260:8660:0921/132450.473:ERROR:util.cc(129)] Can't create base directory: C:\Program Files\Google\GoogleUpdater
9월 21, 2022 14:34:12.82 [2284:1980:0921/143412.824:ERROR:device_event_log_impl.cc(214)] [14:34:12.824] USB: usb_device_handle_win.cc:1048 Failed to read descriptor from node connection: 시스템에 부착된 장치가 작동하지 않습니다. (0x1F)
9월 21, 2022 14:35:10.29 [2284:8856:0921/143510.294:ERROR:util.cc(129)] Can't create base directory: C:\Program Files\Google\GoogleUpdater

9월 22, 2022 10:43:17.60 NEW SESSION
9월 22, 2022 10:43:17.60 [9484:4048:0922/104317.604:ERROR:device_event_log_impl.cc(214)] [10:43:17.605] USB: usb_device_handle_win.cc:1048 Failed to read descriptor from node connection: 시스템에 부착된 장치가 작동하지 않습니다. (0x1F)
9월 22, 2022 10:44:13.78 [9484:9916:0922/104413.784:ERROR:util.cc(129)] Can't create base directory: C:\Program Files\Google\GoogleUpdater
9월 22, 2022 14:15:48.28 [9484:4048:0922/141548.282:ERROR:CONSOLE(0)] "TypeError: Cannot read properties of undefined (reading 'match')", source:  (0)
9월 22, 2022 14:16:16.71 [9484:4048:0922/141616.717:ERROR:interface_endpoint_client.cc(689)] Message 5 rejected by interface blink.mojom.WidgetHost
9월 22, 2022 14:25:21.29 [9484:4048:0922/142521.289:ERROR:CONSOLE(0)] "TypeError: Cannot read properties of undefined (reading 'match')", source:  (0)
9월 22, 2022 14:28:08.90 [libprotobuf ERROR ..\..\third_party\protobuf\src\google\protobuf\message_lite.cc:133] Can't parse message of type "safe_browsing.ClientDownloadRequest" because it is missing required fields: (cannot determine missing fields for lite message)
9월 22, 2022 14:37:36.25 [9484:4048:0922/143736.257:ERROR:CONSOLE(0)] "TypeError: Cannot read properties of undefined (reading 'match')", source:  (0)
9월 22, 2022 15:44:14.04 [9484:11044:0922/154414.047:ERROR:util.cc(129)] Can't create base directory: C:\Program Files\Google\GoogleUpdater
9월 22, 2022 15:45:20.28 [9484:4048:0922/154520.281:ERROR:CONSOLE(0)] "TypeError: Cannot read properties of undefined (reading 'match')", source:  (0)

9월 23, 2022 13:12:47.67 NEW SESSION
9월 23, 2022 13:12:47.67 [1524:5404:0923/131247.675:ERROR:device_event_log_impl.cc(214)] [13:12:47.676] USB: usb_device_handle_win.cc:1048 Failed to read descriptor from node connection: 시스템에 부착된 장치가 작동하지 않습니다. (0x1F)
9월 23, 2022 13:12:50.72 [libprotobuf ERROR ..\..\third_party\protobuf\src\google\protobuf\message_lite.cc:133] Can't parse message of type "safe_browsing.ClientDownloadRequest" because it is missing required fields: (cannot determine missing fields for lite message)
9월 23, 2022 13:12:52.44 [libprotobuf ERROR ..\..\third_party\protobuf\src\google\protobuf\message_lite.cc:133] Can't parse message of type "safe_browsing.ClientDownloadRequest" because it is missing required fields: (cannot determine missing fields for lite message)
9월 23, 2022 13:13:42.20 [1524:7884:0923/131342.208:ERROR:util.cc(129)] Can't create base directory: C:\Program Files\Google\GoogleUpdater
9월 23, 2022 13:18:49.95 [libprotobuf ERROR ..\..\third_party\protobuf\src\google\protobuf\message_lite.cc:133] Can't parse message of type "safe_browsing.ClientDownloadRequest" because it is missing required fields: (cannot determine missing fields for lite message)

9월 28, 2022 13:11:35.29 NEW SESSION
9월 28, 2022 13:11:35.29 [7364:9400:0928/131135.275:ERROR:device_event_log_impl.cc(214)] [13:11:35.275] USB: usb_device_handle_win.cc:1048 Failed to read descriptor from node connection: 시스템에 부착된 장치가 작동하지 않습니다. (0x1F)
9월 28, 2022 13:12:26.14 [7364:3480:0928/131226.139:ERROR:util.cc(129)] Can't create base directory: C:\Program Files\Google\GoogleUpdater
9월 28, 2022 13:36:58.55 [6264:4132:0928/133658.559:ERROR:device_event_log_impl.cc(214)] [13:36:58.559] USB: usb_device_handle_win.cc:1048 Failed to read descriptor from node connection: 시스템에 부착된 장치가 작동하지 않습니다. (0x1F)
9월 28, 2022 13:37:55.84 [6264:6920:0928/133755.847:ERROR:util.cc(129)] Can't create base directory: C:\Program Files\Google\GoogleUpdater
9월 28, 2022 14:03:52.13 [6440:4844:0928/140352.137:ERROR:device_event_log_impl.cc(214)] [14:03:52.138] USB: usb_device_handle_win.cc:1048 Failed to read descriptor from node connection: 시스템에 부착된 장치가 작동하지 않습니다. (0x1F)
9월 28, 2022 14:04:49.52 [6440:7660:0928/140449.527:ERROR:util.cc(129)] Can't create base directory: C:\Program Files\Google\GoogleUpdater
9월 28, 2022 14:40:14.61 [8332:5668:0928/144014.616:ERROR:device_event_log_impl.cc(214)] [14:40:14.616] USB: usb_device_handle_win.cc:1048 Failed to read descriptor from node connection: 시스템에 부착된 장치가 작동하지 않습니다. (0x1F)
9월 28, 2022 14:41:12.05 [8332:6904:0928/144112.052:ERROR:util.cc(129)] Can't create base directory: C:\Program Files\Google\GoogleUpdater
9월 28, 2022 14:46:23.25 [1564:8748:0928/144623.257:ERROR:device_event_log_impl.cc(214)] [14:46:23.257] USB: usb_device_handle_win.cc:1048 Failed to read descriptor from node connection: 시스템에 부착된 장치가 작동하지 않습니다. (0x1F)
9월 28, 2022 14:47:20.78 [1564:988:0928/144720.780:ERROR:util.cc(129)] Can't create base directory: C:\Program Files\Google\GoogleUpdater
9월 28, 2022 14:51:59.34 [6344:7852:0928/145159.344:ERROR:device_event_log_impl.cc(214)] [14:51:59.344] USB: usb_device_handle_win.cc:1048 Failed to read descriptor from node connection: 시스템에 부착된 장치가 작동하지 않습니다. (0x1F)
9월 28, 2022 14:54:21.09 [7668:4864:0928/145421.096:ERROR:device_event_log_impl.cc(214)] [14:54:21.096] USB: usb_device_handle_win.cc:1048 Failed to read descriptor from node connection: 시스템에 부착된 장치가 작동하지 않습니다. (0x1F)
9월 28, 2022 14:55:18.57 [7668:10436:0928/145518.576:ERROR:util.cc(129)] Can't create base directory: C:\Program Files\Google\GoogleUpdater

9월 29, 2022 10:19:39.14 NEW SESSION
9월 29, 2022 10:19:39.14 [6184:6856:0929/101939.144:ERROR:device_event_log_impl.cc(214)] [10:19:39.143] USB: usb_device_handle_win.cc:1048 Failed to read descriptor from node connection: 시스템에 부착된 장치가 작동하지 않습니다. (0x1F)
9월 29, 2022 10:20:36.17 [6184:8504:0929/102036.171:ERROR:util.cc(129)] Can't create base directory: C:\Program Files\Google\GoogleUpdater
9월 29, 2022 10:36:36.98 [9712:4844:0929/103636.989:ERROR:device_event_log_impl.cc(214)] [10:36:36.989] USB: usb_device_handle_win.cc:1048 Failed to read descriptor from node connection: 시스템에 부착된 장치가 작동하지 않습니다. (0x1F)
9월 29, 2022 10:37:34.45 [9712:3792:0929/103734.456:ERROR:util.cc(129)] Can't create base directory: C:\Program Files\Google\GoogleUpdater
9월 29, 2022 11:26:06.64 [2540:3092:0929/112606.646:ERROR:device_event_log_impl.cc(214)] [11:26:06.646] USB: usb_device_handle_win.cc:1048 Failed to read descriptor from node connection: 시스템에 부착된 장치가 작동하지 않습니다. (0x1F)
9월 29, 2022 11:27:04.09 [2540:7888:0929/112704.098:ERROR:util.cc(129)] Can't create base directory: C:\Program Files\Google\GoogleUpdater
